Flow report for TrainSim
Thu Feb 24 15:05:14 2022
Quartus Prime Version 19.1.0 Build 670 09/22/2019 SJ Lite Edition


---------------------
; Table of Contents ;
---------------------
  1. Legal Notice
  2. Flow Summary
  3. Flow Settings
  4. Flow Non-Default Global Settings
  5. Flow Elapsed Time
  6. Flow OS Summary
  7. Flow Log
  8. Flow Messages
  9. Flow Suppressed Messages



----------------
; Legal Notice ;
----------------
Copyright (C) 2019  Intel Corporation. All rights reserved.
Your use of Intel Corporation's design tools, logic functions 
and other software and tools, and any partner logic 
functions, and any output files from any of the foregoing 
(including device programming or simulation files), and any 
associated documentation or information are expressly subject 
to the terms and conditions of the Intel Program License 
Subscription Agreement, the Intel Quartus Prime License Agreement,
the Intel FPGA IP License Agreement, or other applicable license
agreement, including, without limitation, that your use is for
the sole purpose of programming logic devices manufactured by
Intel and sold by Intel or its authorized distributors.  Please
refer to the applicable agreement for further details, at
https://fpgasoftware.intel.com/eula.



+-------------------------------------------------------------------------------+
; Flow Summary                                                                  ;
+---------------------------------+---------------------------------------------+
; Flow Status                     ; Successful - Thu Feb 24 15:05:14 2022       ;
; Quartus Prime Version           ; 19.1.0 Build 670 09/22/2019 SJ Lite Edition ;
; Revision Name                   ; TrainSim                                    ;
; Top-level Entity Name           ; TrainTop                                    ;
; Family                          ; Cyclone V                                   ;
; Device                          ; 5CSXFC6D6F31C6                              ;
; Timing Models                   ; Final                                       ;
; Logic utilization (in ALMs)     ; 376 / 41,910 ( < 1 % )                      ;
; Total registers                 ; 391                                         ;
; Total pins                      ; 96 / 499 ( 19 % )                           ;
; Total virtual pins              ; 0                                           ;
; Total block memory bits         ; 286,208 / 5,662,720 ( 5 % )                 ;
; Total DSP Blocks                ; 0 / 112 ( 0 % )                             ;
; Total HSSI RX PCSs              ; 0 / 9 ( 0 % )                               ;
; Total HSSI PMA RX Deserializers ; 0 / 9 ( 0 % )                               ;
; Total HSSI TX PCSs              ; 0 / 9 ( 0 % )                               ;
; Total HSSI PMA TX Serializers   ; 0 / 9 ( 0 % )                               ;
; Total PLLs                      ; 1 / 15 ( 7 % )                              ;
; Total DLLs                      ; 0 / 4 ( 0 % )                               ;
+---------------------------------+---------------------------------------------+


+-----------------------------------------+
; Flow Settings                           ;
+-------------------+---------------------+
; Option            ; Setting             ;
+-------------------+---------------------+
; Start date & time ; 02/24/2022 15:02:53 ;
; Main task         ; Compilation         ;
; Revision Name     ; TrainSim            ;
+-------------------+---------------------+


+------------------------------------------------------------------------------------------------------------------------------------------------------------------------+
; Flow Non-Default Global Settings                                                                                                                                       ;
+--------------------------------------------------------+----------------------------------------+--------------------+-------------+-----------------------------------+
; Assignment Name                                        ; Value                                  ; Default Value      ; Entity Name ; Section Id                        ;
+--------------------------------------------------------+----------------------------------------+--------------------+-------------+-----------------------------------+
; ADVANCED_PHYSICAL_OPTIMIZATION                         ; Off                                    ; On                 ; --          ; --                                ;
; COMPILER_SIGNATURE_ID                                  ; 237751131101037.164573297308636        ; --                 ; --          ; --                                ;
; EDA_GENERATE_FUNCTIONAL_NETLIST                        ; Off                                    ; --                 ; --          ; eda_board_design_timing           ;
; EDA_GENERATE_FUNCTIONAL_NETLIST                        ; Off                                    ; --                 ; --          ; eda_board_design_boundary_scan    ;
; EDA_GENERATE_FUNCTIONAL_NETLIST                        ; Off                                    ; --                 ; --          ; eda_board_design_signal_integrity ;
; EDA_GENERATE_FUNCTIONAL_NETLIST                        ; Off                                    ; --                 ; --          ; eda_board_design_symbol           ;
; EDA_OUTPUT_DATA_FORMAT                                 ; Vhdl                                   ; --                 ; --          ; eda_simulation                    ;
; EDA_SIMULATION_TOOL                                    ; ModelSim-Altera (VHDL)                 ; <None>             ; --          ; --                                ;
; EDA_TIME_SCALE                                         ; 1 ps                                   ; --                 ; --          ; eda_simulation                    ;
; IO_PLACEMENT_OPTIMIZATION                              ; Off                                    ; On                 ; --          ; --                                ;
; MAX_CORE_JUNCTION_TEMP                                 ; 85                                     ; --                 ; --          ; --                                ;
; MIN_CORE_JUNCTION_TEMP                                 ; 0                                      ; --                 ; --          ; --                                ;
; MISC_FILE                                              ; TrainSimFiles/TrainPLL.cmp             ; --                 ; --          ; --                                ;
; MISC_FILE                                              ; TrainSimFiles/choo.bsf                 ; --                 ; --          ; --                                ;
; MISC_FILE                                              ; TrainSimFiles/choo.cmp                 ; --                 ; --          ; --                                ;
; NUM_PARALLEL_PROCESSORS                                ; 16                                     ; --                 ; --          ; --                                ;
; OPTIMIZE_POWER_DURING_FITTING                          ; Off                                    ; Normal compilation ; --          ; --                                ;
; OUTPUT_IO_TIMING_FAR_END_VMEAS                         ; Half Signal Swing                      ; --                 ; --          ; --                                ;
; OUTPUT_IO_TIMING_FAR_END_VMEAS                         ; Half Signal Swing                      ; --                 ; --          ; --                                ;
; OUTPUT_IO_TIMING_NEAR_END_VMEAS                        ; Half Vccio                             ; --                 ; --          ; --                                ;
; OUTPUT_IO_TIMING_NEAR_END_VMEAS                        ; Half Vccio                             ; --                 ; --          ; --                                ;
; PARTITION_COLOR                                        ; -- (Not supported for targeted family) ; --                 ; TrainTop    ; Top                               ;
; PARTITION_FITTER_PRESERVATION_LEVEL                    ; -- (Not supported for targeted family) ; --                 ; TrainTop    ; Top                               ;
; PARTITION_NETLIST_TYPE                                 ; -- (Not supported for targeted family) ; --                 ; TrainTop    ; Top                               ;
; PHYSICAL_SYNTHESIS_EFFORT                              ; Fast                                   ; Normal             ; --          ; --                                ;
; POWER_BOARD_THERMAL_MODEL                              ; None (CONSERVATIVE)                    ; --                 ; --          ; --                                ;
; POWER_PRESET_COOLING_SOLUTION                          ; 23 MM HEAT SINK WITH 200 LFPM AIRFLOW  ; --                 ; --          ; --                                ;
; PROJECT_OUTPUT_DIRECTORY                               ; output_files                           ; --                 ; --          ; --                                ;
; SMART_RECOMPILE                                        ; On                                     ; Off                ; --          ; --                                ;
; SYNTHESIS_ONLY_QIP                                     ; On                                     ; --                 ; --          ; --                                ;
; TIMING_ANALYZER_REPORT_SCRIPT_INCLUDE_DEFAULT_ANALYSIS ; Off                                    ; On                 ; --          ; --                                ;
; TOP_LEVEL_ENTITY                                       ; TrainTop                               ; TrainSim           ; --          ; --                                ;
+--------------------------------------------------------+----------------------------------------+--------------------+-------------+-----------------------------------+


+--------------------------------------------------------------------------------------------------------------------------+
; Flow Elapsed Time                                                                                                        ;
+----------------------+--------------+-------------------------+---------------------+------------------------------------+
; Module Name          ; Elapsed Time ; Average Processors Used ; Peak Virtual Memory ; Total CPU Time (on all processors) ;
+----------------------+--------------+-------------------------+---------------------+------------------------------------+
; Analysis & Synthesis ; 00:00:13     ; 1.0                     ; 4941 MB             ; 00:00:26                           ;
; Fitter               ; 00:01:37     ; 1.1                     ; 7377 MB             ; 00:02:27                           ;
; Assembler            ; 00:00:11     ; 1.0                     ; 4867 MB             ; 00:00:11                           ;
; Timing Analyzer      ; 00:00:12     ; 2.4                     ; 5360 MB             ; 00:00:16                           ;
; EDA Netlist Writer   ; 00:00:02     ; 1.0                     ; 4836 MB             ; 00:00:02                           ;
; Total                ; 00:02:15     ; --                      ; --                  ; 00:03:22                           ;
+----------------------+--------------+-------------------------+---------------------+------------------------------------+


+------------------------------------------------------------------------------------+
; Flow OS Summary                                                                    ;
+----------------------+------------------+------------+------------+----------------+
; Module Name          ; Machine Hostname ; OS Name    ; OS Version ; Processor type ;
+----------------------+------------------+------------+------------+----------------+
; Analysis & Synthesis ; DESKTOP-8D4PTQR  ; Windows 10 ; 10.0       ; x86_64         ;
; Fitter               ; DESKTOP-8D4PTQR  ; Windows 10 ; 10.0       ; x86_64         ;
; Assembler            ; DESKTOP-8D4PTQR  ; Windows 10 ; 10.0       ; x86_64         ;
; Timing Analyzer      ; DESKTOP-8D4PTQR  ; Windows 10 ; 10.0       ; x86_64         ;
; EDA Netlist Writer   ; DESKTOP-8D4PTQR  ; Windows 10 ; 10.0       ; x86_64         ;
+----------------------+------------------+------------+------------+----------------+


------------
; Flow Log ;
------------
quartus_map --read_settings_files=on --write_settings_files=off TrainSim -c TrainSim
quartus_fit --read_settings_files=off --write_settings_files=off TrainSim -c TrainSim
quartus_asm --read_settings_files=off --write_settings_files=off TrainSim -c TrainSim
quartus_sta TrainSim -c TrainSim
quartus_eda --read_settings_files=off --write_settings_files=off TrainSim -c TrainSim



